[11/22/2009 12:29 AM] - SUCCESS!
IPN POST Vars from Paypal:
mc_gross=2.00, protection_eligibility=Ineligible, address_status=confirmed, payer_id=SLG3FXRBMUGRY, tax=0.00, address_street=1 Main St, payment_date=21:29:31 Nov 21, 2009 PST, payment_status=Pending, charset=windows-1252, address_zip=95131, first_name=Test, address_country_code=US, address_name=Test User, notify_version=2.8, custom=, payer_status=verified, business=zuicid@gmail.com, address_country=United States, address_city=San Jose, quantity=1, verify_sign=ACwDpqU1Cot0R0fuJz5j4rWHkpqiAgavx-bYgV2ObvqGyjmFh7EPTBY1, payer_email=memo00_1258400024_per@gmail.com, txn_id=6WR48634J7331404V, payment_type=instant, last_name=User, address_state=CA, receiver_email=zuicid@gmail.com, pending_reason=unilateral, txn_type=web_accept, item_name=Inscripción Anual CursosyCapacitaciones.com, mc_currency=USD, item_number=0001, residence_country=US, test_ipn=1, handling_amount=0.00, transaction_subject=Inscripción Anual CursosyCapacitaciones.com, payment_gross=2.00, shipping=0.00, 
IPN Response from Paypal Server:
 HTTP/1.1 200 OK
Date: Sun, 22 Nov 2009 05:29:36 GMT
Server: Apache/1.3.33 (Unix) mod_fastcgi/2.4.2 mod_gzip/1.3.26.1a mod_ssl/2.8.22 OpenSSL/0.9.7e
Set-Cookie: c9MWDuvPtT9GIMyPc3jwol1VSlO=MQc1on_hsV0xi0pipfm8M9FYW_dxnRFDc2sID0sxUebEW0LQnrQprxojDVlX7mEX1vjcZZc_n3MCbCaAvnXYGWe9XsaZj-V6MLx3mijcPBK7jcKxnMR8fSxJiNx1Xyb56dsxkG%7c6TskeuBo0D4nr1ehKXKYGk7Pk9HoUbEH-I38E1NAvB61_EfN6QLcJPrwpxC9ZMZXV-Sp5W%7ckmce3cTzdA-ai2DikjQguXno8nhazg6Bt4tgqE6aBxsmcfefnYyphahk192KLDtVMVhrsW%7c1258867777; domain=.paypal.com; path=/
Set-Cookie: cookie_check=yes; expires=Wed, 20-Nov-2019 05:29:37 GMT; domain=.paypal.com; path=/
Set-Cookie: navcmd=_notify-validate; domain=.paypal.com; path=/
Set-Cookie: navlns=0; expires=Sat, 17-Nov-2029 05:29:37 GMT; domain=.paypal.com; path=/
Set-Cookie: Apache=10.191.196.11.206151258867776717; path=/; expires=Fri, 09-Oct-03 23:01:20 GMT
Connection: close
Transfer-Encoding: chunked
Content-Type: text/html; charset=UTF-8

8  
VERIFIED
0



[11/22/2009 12:31 AM] - SUCCESS!
IPN POST Vars from Paypal:
mc_gross=2.00, protection_eligibility=Ineligible, address_status=confirmed, payer_id=SLG3FXRBMUGRY, tax=0.00, address_street=1 Main St, payment_date=21:31:01 Nov 21, 2009 PST, payment_status=Pending, charset=windows-1252, address_zip=95131, first_name=Test, address_country_code=US, address_name=Test User, notify_version=2.8, custom=, payer_status=verified, business=zuicid@gmail.com, address_country=United States, address_city=San Jose, quantity=1, verify_sign=A0NAUlWpA.nLO3svyMjAozzgY4M4A-COskgZ43rPyNahM3QvUv05a.lj, payer_email=memo00_1258400024_per@gmail.com, txn_id=7GX93342N94464526, payment_type=instant, last_name=User, address_state=CA, receiver_email=zuicid@gmail.com, pending_reason=unilateral, txn_type=web_accept, item_name=Inscripción Anual CursosyCapacitaciones.com, mc_currency=USD, item_number=0001, residence_country=US, test_ipn=1, handling_amount=0.00, transaction_subject=Inscripción Anual CursosyCapacitaciones.com, payment_gross=2.00, shipping=0.00, 
IPN Response from Paypal Server:
 HTTP/1.1 200 OK
Date: Sun, 22 Nov 2009 05:31:08 GMT
Server: Apache/1.3.33 (Unix) mod_fastcgi/2.4.2 mod_gzip/1.3.26.1a mod_ssl/2.8.22 OpenSSL/0.9.7e
Set-Cookie: c9MWDuvPtT9GIMyPc3jwol1VSlO=ssO2LWNsJBiH6652kAEgw8cvuUevQeevSUvlJGSwbMKXsfNpwmbYesrYGBncik4kUl7CBSEFP_jqmzhT5GvLDG_a25L1jKgxpvS8WrgyW5uRQpJeE_RpcF-driYHWXJsRWsE30%7cIoaRPIP04dIowpTXU2m9wmxCWXNXZL1jUdvjIun1annWO1vHfUC4INcddGmDGURLPHFO2W%7cxa0oVyBjvt-QCKYkPlKN9rHhfM_RhQ60Mu81EYzARzubyWyKn9rafDl9HNFMvCMbNWtZUW%7c1258867868; domain=.paypal.com; path=/
Set-Cookie: cookie_check=yes; expires=Wed, 20-Nov-2019 05:31:08 GMT; domain=.paypal.com; path=/
Set-Cookie: navcmd=_notify-validate; domain=.paypal.com; path=/
Set-Cookie: navlns=0; expires=Sat, 17-Nov-2029 05:31:08 GMT; domain=.paypal.com; path=/
Set-Cookie: Apache=10.191.196.11.214201258867868413; path=/; expires=Fri, 09-Oct-03 23:02:52 GMT
Connection: close
Transfer-Encoding: chunked
Content-Type: text/html; charset=UTF-8

8  
VERIFIED
0



[11/22/2009 6:49 PM] - SUCCESS!
IPN POST Vars from Paypal:
mc_gross=2.00, protection_eligibility=Ineligible, address_status=confirmed, payer_id=SLG3FXRBMUGRY, tax=0.00, address_street=1 Main St, payment_date=15:49:23 Nov 22, 2009 PST, payment_status=Pending, charset=windows-1252, address_zip=95131, first_name=Test, address_country_code=US, address_name=Test User, notify_version=2.8, custom=, payer_status=verified, business=zuicid@gmail.com, address_country=United States, address_city=San Jose, quantity=1, verify_sign=AiPC9BjkCyDFQXbSkoZcgqH3hpacAlgVXHfknr2t8GzFnkV42OJTp73j, payer_email=memo00_1258400024_per@gmail.com, txn_id=0YY072739F752381R, payment_type=instant, last_name=User, address_state=CA, receiver_email=zuicid@gmail.com, pending_reason=unilateral, txn_type=web_accept, item_name=Inscripción Anual CursosyCapacitaciones.com, mc_currency=USD, item_number=0001, residence_country=US, test_ipn=1, handling_amount=0.00, transaction_subject=Inscripción Anual CursosyCapacitaciones.com, payment_gross=2.00, shipping=0.00, 
IPN Response from Paypal Server:
 HTTP/1.1 200 OK
Date: Sun, 22 Nov 2009 23:49:25 GMT
Server: Apache/1.3.33 (Unix) mod_fastcgi/2.4.2 mod_gzip/1.3.26.1a mod_ssl/2.8.22 OpenSSL/0.9.7e
Set-Cookie: c9MWDuvPtT9GIMyPc3jwol1VSlO=o2Ze5u0rmjkIrJq16_K-Q1Ij-FkZJDFB3Zw-DWf2vsdcHggh82aoU4qum7VyzwHIZH1iW817z83C1UiwuG6mMPegdnvlE68kAyFfT-TdXqkd3Dc0TRLnxlYzn8P8wqWJiUmG8W%7cBKmW9__SJRggnvXYMkEi2wcz0JIezN5UBVCtK4WkNO2W7ArLHU9TFL6whbSyGJvfQXaUIW%7c9SaI-UrgZmbuyQGcorWdWNXVwxYsFELv78Cp-KF3tJcogp-jKie81vPk2emgc9_6zOqaO0%7c1258933766; domain=.paypal.com; path=/
Set-Cookie: cookie_check=yes; expires=Wed, 20-Nov-2019 23:49:26 GMT; domain=.paypal.com; path=/
Set-Cookie: navcmd=_notify-validate; domain=.paypal.com; path=/
Set-Cookie: navlns=0; expires=Sat, 17-Nov-2029 23:49:26 GMT; domain=.paypal.com; path=/
Set-Cookie: Apache=10.191.196.11.184191258933765528; path=/; expires=Sat, 10-Oct-03 17:21:09 GMT
Connection: close
Transfer-Encoding: chunked
Content-Type: text/html; charset=UTF-8

8  
VERIFIED
0



[11/23/2009 12:50 AM] - SUCCESS!
IPN POST Vars from Paypal:
mc_gross=2.00, protection_eligibility=Ineligible, address_status=confirmed, payer_id=SLG3FXRBMUGRY, tax=0.00, address_street=1 Main St, payment_date=21:50:51 Nov 22, 2009 PST, payment_status=Pending, charset=windows-1252, address_zip=95131, first_name=Test, address_country_code=US, address_name=Test User, notify_version=2.8, custom=, payer_status=verified, business=zuicid@gmail.com, address_country=United States, address_city=San Jose, quantity=1, verify_sign=Av68jHcE.j0Qud9JnXUCSs4-WVv9AkjgI1C4gwFXRNXBSoSh0R9JoKzT, payer_email=memo00_1258400024_per@gmail.com, txn_id=1V438527FF136822T, payment_type=instant, last_name=User, address_state=CA, receiver_email=zuicid@gmail.com, pending_reason=unilateral, txn_type=web_accept, item_name=Inscripción Anual CursosyCapacitaciones.com, mc_currency=USD, item_number=0001, residence_country=US, test_ipn=1, handling_amount=0.00, transaction_subject=Inscripción Anual CursosyCapacitaciones.com, payment_gross=2.00, shipping=0.00, 
IPN Response from Paypal Server:
 HTTP/1.1 200 OK
Date: Mon, 23 Nov 2009 05:50:57 GMT
Server: Apache/1.3.33 (Unix) mod_fastcgi/2.4.2 mod_gzip/1.3.26.1a mod_ssl/2.8.22 OpenSSL/0.9.7e
Set-Cookie: c9MWDuvPtT9GIMyPc3jwol1VSlO=W-cCzOPOA0PwLjbi1jBtYOPITD-LkCu7_Jkh0aT2suUeUeUQWp-ljLqHxz7aOVP4PBioHBWWvbY5SUQGBYFMGOgX9rQHU-ahF1iv56FsPfdcU7cFnIVLdNYQpYwuZR0C57CoJ0%7cESU5-9yAMTe6NKWRIVYLdq5bpGmHga4W_mSKLG7JrxIcLLUH9A3Ijh_OrlHul353Zaxpc0%7cy-dVVg3LvRF-GmW_ZKk7JbCqVI0by9d0hzL9PBP7bLfRleQyvZ0vFDgVSBBArdm4eW-n-m%7c1258955457; domain=.paypal.com; path=/
Set-Cookie: cookie_check=yes; expires=Thu, 21-Nov-2019 05:50:57 GMT; domain=.paypal.com; path=/
Set-Cookie: navcmd=_notify-validate; domain=.paypal.com; path=/
Set-Cookie: navlns=0; expires=Sun, 18-Nov-2029 05:50:57 GMT; domain=.paypal.com; path=/
Set-Cookie: Apache=10.191.196.11.83491258955457433; path=/; expires=Sat, 10-Oct-03 23:22:41 GMT
Connection: close
Transfer-Encoding: chunked
Content-Type: text/html; charset=UTF-8

8  
VERIFIED
0



[11/23/2009 12:57 AM] - SUCCESS!
IPN POST Vars from Paypal:
mc_gross=2.00, protection_eligibility=Ineligible, address_status=confirmed, payer_id=SLG3FXRBMUGRY, tax=0.00, address_street=1 Main St, payment_date=21:57:43 Nov 22, 2009 PST, payment_status=Pending, charset=windows-1252, address_zip=95131, first_name=Test, address_country_code=US, address_name=Test User, notify_version=2.8, custom=, payer_status=verified, business=zuicid@gmail.com, address_country=United States, address_city=San Jose, quantity=1, verify_sign=AtLEbs..8xNK6wXNOOd7.Z0Hml0KAamQwYXkVhTMR2N0Z4UIqL4F2j8d, payer_email=memo00_1258400024_per@gmail.com, txn_id=4DX31366VK438845R, payment_type=instant, last_name=User, address_state=CA, receiver_email=zuicid@gmail.com, pending_reason=unilateral, txn_type=web_accept, item_name=Inscripción Anual CursosyCapacitaciones.com, mc_currency=USD, item_number=0001, residence_country=US, test_ipn=1, handling_amount=0.00, transaction_subject=Inscripción Anual CursosyCapacitaciones.com, payment_gross=2.00, shipping=0.00, 
IPN Response from Paypal Server:
 HTTP/1.1 200 OK
Date: Mon, 23 Nov 2009 05:57:48 GMT
Server: Apache/1.3.33 (Unix) mod_fastcgi/2.4.2 mod_gzip/1.3.26.1a mod_ssl/2.8.22 OpenSSL/0.9.7e
Set-Cookie: c9MWDuvPtT9GIMyPc3jwol1VSlO=IWPOck9dySQZ9ithl3zKu2Cd-VgNQ3j8r3UFCu1LYuGj96RdT2E3Qy6CuuA5Mly7KVodZxBOLP7F7NUpdngMpAqq4f6Z5ef8h2WTp10QL6F8t8CxVerzQFeCKeRWR0AkHRbhF0%7c-kbhGY8wTiCv-P3Vurs9iMZPhtXOJrcqeSDhL4L3qpujI56mgeyaMulUw9EXUVoR78SQuW%7cQR6t3SHOsb35d6lbcD1R9mE9jFobKKxHFcKJIWwh0fkcT5KZbAlVODjsiLZyjqHIfur9wW%7c1258955868; domain=.paypal.com; path=/
Set-Cookie: cookie_check=yes; expires=Thu, 21-Nov-2019 05:57:48 GMT; domain=.paypal.com; path=/
Set-Cookie: navcmd=_notify-validate; domain=.paypal.com; path=/
Set-Cookie: navlns=0; expires=Sun, 18-Nov-2029 05:57:48 GMT; domain=.paypal.com; path=/
Set-Cookie: Apache=10.191.196.11.244251258955868274; path=/; expires=Sat, 10-Oct-03 23:29:32 GMT
Connection: close
Transfer-Encoding: chunked
Content-Type: text/html; charset=UTF-8

8  
VERIFIED
0



[11/25/2009 1:01 AM] - SUCCESS!
IPN POST Vars from Paypal:
mc_gross=2.00, protection_eligibility=Ineligible, address_status=confirmed, payer_id=SLG3FXRBMUGRY, tax=0.00, address_street=1 Main St, payment_date=22:01:09 Nov 24, 2009 PST, payment_status=Pending, charset=windows-1252, address_zip=95131, first_name=Test, address_country_code=US, address_name=Test User, notify_version=2.8, custom=, payer_status=verified, business=zuicid@gmail.com, address_country=United States, address_city=San Jose, quantity=1, verify_sign=An5ns1Kso7MWUdW4ErQKJJJ4qi4-AgzmP0t0ggxQvGzKEPnwP5GFMbB9, payer_email=memo00_1258400024_per@gmail.com, txn_id=6M174679NX996763W, payment_type=instant, last_name=User, address_state=CA, receiver_email=zuicid@gmail.com, pending_reason=unilateral, txn_type=web_accept, item_name=Inscripción Anual CursosyCapacitaciones.com, mc_currency=USD, item_number=0001, residence_country=US, test_ipn=1, handling_amount=0.00, transaction_subject=Inscripción Anual CursosyCapacitaciones.com, payment_gross=2.00, shipping=0.00, 
IPN Response from Paypal Server:
 HTTP/1.1 200 OK
Date: Wed, 25 Nov 2009 06:01:16 GMT
Server: Apache/1.3.33 (Unix) mod_fastcgi/2.4.2 mod_gzip/1.3.26.1a mod_ssl/2.8.22 OpenSSL/0.9.7e
Set-Cookie: c9MWDuvPtT9GIMyPc3jwol1VSlO=1jZFcETF6T4RtzEJot0kp_LzZRGrQTSBRA8JQn_C7-SsRLoCk39W1VScmYhNm0I7j0O7FuGJpvu35BC4PUN4lboR3InCgaA3H3NiCXazrTrvGgQZYtDGLDC3xHAYWNDpDzRV7m%7cix2YfGwD8y0bxCx3gWLw0L3voLe-IIl03Z4kDErVSuhUfHThrs8G9BaOPM1Xcr03Rn53s0%7ceqKBAgSl4fCv4KpJMaoUuND13kELerFRoHXadBfcn9ndDJV0BprWtRULQV8BwMguj4jzJm%7c1259128877; domain=.paypal.com; path=/
Set-Cookie: cookie_check=yes; expires=Sat, 23-Nov-2019 06:01:17 GMT; domain=.paypal.com; path=/
Set-Cookie: navcmd=_notify-validate; domain=.paypal.com; path=/
Set-Cookie: navlns=0; expires=Tue, 20-Nov-2029 06:01:17 GMT; domain=.paypal.com; path=/
Set-Cookie: Apache=10.191.196.11.174621259128876841; path=/; expires=Mon, 12-Oct-03 23:33:00 GMT
Connection: close
Transfer-Encoding: chunked
Content-Type: text/html; charset=UTF-8

8  
VERIFIED
0



[11/29/2009 11:29 PM] - SUCCESS!
IPN POST Vars from Paypal:
mc_gross=0.01, protection_eligibility=Ineligible, address_status=confirmed, payer_id=SLG3FXRBMUGRY, tax=0.00, address_street=1 Main St, payment_date=20:29:22 Nov 29, 2009 PST, payment_status=Pending, charset=windows-1252, address_zip=95131, first_name=Test, address_country_code=US, address_name=Test User, notify_version=2.8, custom=, payer_status=verified, business=info@cursosycapacitaciones.com, address_country=United States, address_city=San Jose, quantity=1, verify_sign=AFcWxV21C7fd0v3bYYYRCpSSRl31A0PRBgKsxRtafH0OZwMJtUwNOVQC, payer_email=memo00_1258400024_per@gmail.com, txn_id=82B3267993175715K, payment_type=instant, last_name=User, address_state=CA, receiver_email=info@cursosycapacitaciones.com, pending_reason=unilateral, txn_type=web_accept, item_name=Inscripción Anual CursosyCapacitaciones.com, mc_currency=USD, item_number=0001, residence_country=US, test_ipn=1, handling_amount=0.00, transaction_subject=Inscripción Anual CursosyCapacitaciones.com, payment_gross=0.01, shipping=0.00, 
IPN Response from Paypal Server:
 HTTP/1.1 200 OK
Date: Mon, 30 Nov 2009 04:29:25 GMT
Server: Apache/1.3.33 (Unix) mod_fastcgi/2.4.2 mod_gzip/1.3.26.1a mod_ssl/2.8.22 OpenSSL/0.9.7e
Set-Cookie: c9MWDuvPtT9GIMyPc3jwol1VSlO=3cHtsj0EdAb1xq9-3XLpiH3rVgO1Rc27fMqfv54QNPtx5aPeClxPKObn06E7i5X_vL5XyqWkD8v0Nbyh-tfQHfcq6_JsoSEUcBc-XWbSouP-cEyBOC8rA1-8U32EjwehDtSQ7G%7chyECLRocJXH_12rlUv5XE5HqemApj2djmGdnGMVAIIkAdTeUW_22cpW12sXl1OxqTVVv6m%7cW7Yph8N3EcIrxRg5cwR9tEnFjZPhZpIah2BfDL81dlPh5WmRuQqKDgclsJaBL_uchRyTcm%7c1259555365; domain=.paypal.com; path=/
Set-Cookie: cookie_check=yes; expires=Thu, 28-Nov-2019 04:29:25 GMT; domain=.paypal.com; path=/
Set-Cookie: navcmd=_notify-validate; domain=.paypal.com; path=/
Set-Cookie: navlns=0; expires=Sun, 25-Nov-2029 04:29:25 GMT; domain=.paypal.com; path=/
Set-Cookie: Apache=10.191.196.11.204121259555365376; path=/; expires=Sat, 17-Oct-03 22:01:09 GMT
Connection: close
Transfer-Encoding: chunked
Content-Type: text/html; charset=UTF-8

8  
VERIFIED
0



[11/29/2009 11:42 PM] - SUCCESS!
IPN POST Vars from Paypal:
mc_gross=0.01, protection_eligibility=Ineligible, address_status=confirmed, payer_id=SLG3FXRBMUGRY, tax=0.00, address_street=1 Main St, payment_date=20:42:07 Nov 29, 2009 PST, payment_status=Pending, charset=windows-1252, address_zip=95131, first_name=Test, address_country_code=US, address_name=Test User, notify_version=2.8, custom=, payer_status=verified, business=info@cursosycapacitaciones.com, address_country=United States, address_city=San Jose, quantity=1, verify_sign=AlSROhYGn40-P9azla4Th9xCBTocAuzHZtUYqojhP7wIvJ3letGaDJ4s, payer_email=memo00_1258400024_per@gmail.com, txn_id=1T951080TE634802T, payment_type=instant, last_name=User, address_state=CA, receiver_email=info@cursosycapacitaciones.com, pending_reason=unilateral, txn_type=web_accept, item_name=Inscripción Anual CursosyCapacitaciones.com, mc_currency=USD, item_number=0001, residence_country=US, test_ipn=1, handling_amount=0.00, transaction_subject=Inscripción Anual CursosyCapacitaciones.com, payment_gross=0.01, shipping=0.00, 
IPN Response from Paypal Server:
 HTTP/1.1 200 OK
Date: Mon, 30 Nov 2009 04:42:12 GMT
Server: Apache/1.3.33 (Unix) mod_fastcgi/2.4.2 mod_gzip/1.3.26.1a mod_ssl/2.8.22 OpenSSL/0.9.7e
Set-Cookie: c9MWDuvPtT9GIMyPc3jwol1VSlO=tXlMXsfrM9LARfeTc0Df4CdHuW8iuTe5Aa15SlWbBTblFYwvWdxid1IW3K2NNxE4T1QR-z0jKAQcNkOhB1QuE8SZxuB1J5mKHTO6Y_wysaYYSAkyC8-R4ipFmq3XjInYVmVUV0%7co7QBP6fgE235ZQ4RF-RrDnr-N4pqB7e1hujG70mB8adKzPdQZv2tM-zOT57DdedWc8tYzW%7c3rq73hDeTGbZ7UWGRnpA1D0OfXn27sqoI7mQGEDsZceHxUuZLb5LPn9eTZKYSr1uUDjEam%7c1259556133; domain=.paypal.com; path=/
Set-Cookie: cookie_check=yes; expires=Thu, 28-Nov-2019 04:42:13 GMT; domain=.paypal.com; path=/
Set-Cookie: navcmd=_notify-validate; domain=.paypal.com; path=/
Set-Cookie: navlns=0; expires=Sun, 25-Nov-2029 04:42:13 GMT; domain=.paypal.com; path=/
Set-Cookie: Apache=10.191.196.11.243721259556132688; path=/; expires=Sat, 17-Oct-03 22:13:56 GMT
Connection: close
Transfer-Encoding: chunked
Content-Type: text/html; charset=UTF-8

8  
VERIFIED
0



[11/29/2009 11:53 PM] - SUCCESS!
IPN POST Vars from Paypal:
mc_gross=100.00, protection_eligibility=Ineligible, address_status=confirmed, payer_id=SLG3FXRBMUGRY, tax=0.00, address_street=1 Main St, payment_date=20:53:17 Nov 29, 2009 PST, payment_status=Pending, charset=windows-1252, address_zip=95131, first_name=Test, address_country_code=US, address_name=Test User, notify_version=2.8, custom=, payer_status=verified, business=info@cursosycapacitaciones.com, address_country=United States, address_city=San Jose, quantity=1, verify_sign=AKsW-VIDCSpBT5GnITnJfdkjrKZjAy2MHn40Y6ierDtVYmZ-VxaTLR.j, payer_email=memo00_1258400024_per@gmail.com, txn_id=1MB01617P5127862W, payment_type=instant, last_name=User, address_state=CA, receiver_email=info@cursosycapacitaciones.com, pending_reason=unilateral, txn_type=web_accept, item_name=Inscripción Anual CursosyCapacitaciones.com, mc_currency=USD, item_number=0001, residence_country=US, test_ipn=1, handling_amount=0.00, transaction_subject=Inscripción Anual CursosyCapacitaciones.com, payment_gross=100.00, shipping=0.00, 
IPN Response from Paypal Server:
 HTTP/1.1 200 OK
Date: Mon, 30 Nov 2009 04:53:20 GMT
Server: Apache/1.3.33 (Unix) mod_fastcgi/2.4.2 mod_gzip/1.3.26.1a mod_ssl/2.8.22 OpenSSL/0.9.7e
Set-Cookie: c9MWDuvPtT9GIMyPc3jwol1VSlO=u7ec0FqLj5B7bC7HfdasCtofVSAakFgNF5HH5W9HlH1uWchmA9z0707quVru7eKUtOOa1xXufHBE0ZyYKxNA5ezropxgjTD-fiKfDLS_DL5-IJg7997pHfc2n_6S7wJDjkifO0%7c9O6d2gDLU8i-ZjcPsx0drq4spkGEJSB15gSM4fZ5akjOnDg6eo49gVJoGtXLgOfkACwwJm%7cnLuN0C3NY-QZ5UveB6vCbpGWdmTy00qCvPG5Eq3j3hEMRsZIW42q_Agy0DJTgqYjleUhR0%7c1259556800; domain=.paypal.com; path=/
Set-Cookie: cookie_check=yes; expires=Thu, 28-Nov-2019 04:53:20 GMT; domain=.paypal.com; path=/
Set-Cookie: navcmd=_notify-validate; domain=.paypal.com; path=/
Set-Cookie: navlns=0; expires=Sun, 25-Nov-2029 04:53:20 GMT; domain=.paypal.com; path=/
Set-Cookie: Apache=10.191.196.11.250921259556800139; path=/; expires=Sat, 17-Oct-03 22:25:04 GMT
Connection: close
Transfer-Encoding: chunked
Content-Type: text/html; charset=UTF-8

8  
VERIFIED
0



[11/30/2009 12:55 AM] - SUCCESS!
IPN POST Vars from Paypal:
mc_gross=100.00, protection_eligibility=Ineligible, address_status=confirmed, payer_id=SLG3FXRBMUGRY, tax=0.00, address_street=1 Main St, payment_date=21:54:58 Nov 29, 2009 PST, payment_status=Pending, charset=windows-1252, address_zip=95131, first_name=Test, address_country_code=US, address_name=Test User, notify_version=2.8, custom=, payer_status=verified, business=info@cursosycapacitaciones.com, address_country=United States, address_city=San Jose, quantity=1, verify_sign=AayFQWt44dpMJJY5jY7LVzuEJLuMACgkEMbHoLamRzFxMlcNdT-0q1lr, payer_email=memo00_1258400024_per@gmail.com, txn_id=8MY72550Y5645203C, payment_type=instant, last_name=User, address_state=CA, receiver_email=info@cursosycapacitaciones.com, pending_reason=unilateral, txn_type=web_accept, item_name=Inscripción Anual CursosyCapacitaciones.com, mc_currency=USD, item_number=0001, residence_country=US, test_ipn=1, handling_amount=0.00, transaction_subject=Inscripción Anual CursosyCapacitaciones.com, payment_gross=100.00, shipping=0.00, 
IPN Response from Paypal Server:
 HTTP/1.1 200 OK
Date: Mon, 30 Nov 2009 05:55:00 GMT
Server: Apache/1.3.33 (Unix) mod_fastcgi/2.4.2 mod_gzip/1.3.26.1a mod_ssl/2.8.22 OpenSSL/0.9.7e
Set-Cookie: c9MWDuvPtT9GIMyPc3jwol1VSlO=JJwGqE5b09rgZBGq7xy5nfpxRYJYzj0mqZBpGsQybrTPUNVUl4Z0giX-waFRqjOsDIZJoycHvC0zIVZb6wWNX4Dipeisy5Vrz_Pr04o16IeyliKVqTZAk-l3uhwB6M0FfLp_0W%7csfvUiTW7YuDyKnowxe0RWaljMwjTdy5KT2-9WGDTNK6Rh_bS_U7ZKsArbPTCRCNCBYsbOG%7cwW6pprOp1RAVkn1NNC9AdCOTvgL_LOfABGY3-Qq2Dr3MDS73KQ1I8JGLNPJwqIvAK4KnNW%7c1259560500; domain=.paypal.com; path=/
Set-Cookie: cookie_check=yes; expires=Thu, 28-Nov-2019 05:55:00 GMT; domain=.paypal.com; path=/
Set-Cookie: navcmd=_notify-validate; domain=.paypal.com; path=/
Set-Cookie: navlns=0; expires=Sun, 25-Nov-2029 05:55:00 GMT; domain=.paypal.com; path=/
Set-Cookie: Apache=10.191.196.11.115321259560500319; path=/; expires=Sat, 17-Oct-03 23:26:44 GMT
Connection: close
Transfer-Encoding: chunked
Content-Type: text/html; charset=UTF-8

8  
VERIFIED
0



